
------------------------------Performing Pre-Checks for AlmaLinux-8------------------------------
Checking sub repo directory exist
Checking Disk space
58	 % is available on source file system
Performing dry run to test the remote url 
Main Url:
rsync://rsync.repo.almalinux.org/almalinux/8/
Sub repos path:
AppStream/x86_64/os/ BaseOS/x86_64/os/ extras/x86_64/os/
Dry run start time: 02:54:44
0
Dryrun test performed Succesfully 
Dry run stop time: 02:54:47

Creating lock file
------------------------------Initiating Rsync for AlmaLinux-8------------------------------
Repo Sync start time for AlmaLinux-8: 15/02/2023-02:54:47
Repo Sync stop time AlmaLinux-8: 15/02/2023-02:55:47
AppStream/x86_64/os/ BaseOS/x86_64/os/ extras/x86_64/os/
Changing the ownership of the repo
No change is performed

-------------------------------------------------------------------------------------------

------------------------------Performing Pre-Checks for AlmaLinux-9------------------------------
Checking sub repo directory exist
Checking Disk space
58	 % is available on source file system
Performing dry run to test the remote url 
Main Url:
rsync://iad.mirror.rackspace.com/almalinux/9/
Sub repos path:
AppStream/x86_64/os/ BaseOS/x86_64/os/ extras/x86_64/os/ CRB/x86_64/os/
Dry run start time: 02:56:25
0
Dryrun test performed Succesfully 
Dry run stop time: 02:56:31

Creating lock file
------------------------------Initiating Rsync for AlmaLinux-9------------------------------
Repo Sync start time for AlmaLinux-9: 15/02/2023-02:56:31
Repo Sync stop time AlmaLinux-9: 15/02/2023-02:57:43
AppStream/x86_64/os/ BaseOS/x86_64/os/ extras/x86_64/os/ CRB/x86_64/os/
Changing the ownership of the repo
No change is performed

-------------------------------------------------------------------------------------------

------------------------------Performing Pre-Checks for RockyLinux-8------------------------------
Checking sub repo directory exist
Checking Disk space
58	 % is available on source file system
Performing dry run to test the remote url 
Main Url:
rsync://mirrors.rit.edu/rocky/8/
Sub repos path:
AppStream/x86_64/os/ BaseOS/x86_64/os/ extras/x86_64/os/
Dry run start time: 02:58:28
0
Dryrun test performed Succesfully 
Dry run stop time: 02:58:32

Creating lock file
------------------------------Initiating Rsync for RockyLinux-8------------------------------
Repo Sync start time for RockyLinux-8: 15/02/2023-02:58:32
Repo Sync stop time RockyLinux-8: 15/02/2023-02:59:40
AppStream/x86_64/os/ BaseOS/x86_64/os/ extras/x86_64/os/
Changing the ownership of the repo
No change is performed

-------------------------------------------------------------------------------------------

------------------------------Performing Pre-Checks for RockyLinux-9------------------------------
Checking sub repo directory exist
Checking Disk space
58	 % is available on source file system
Performing dry run to test the remote url 
Main Url:
rsync://iad.mirror.rackspace.com/rocky/9/
Sub repos path:
AppStream/x86_64/os/ BaseOS/x86_64/os/ extras/x86_64/os/
Dry run start time: 03:00:28
0
Dryrun test performed Succesfully 
Dry run stop time: 03:00:33

Creating lock file
------------------------------Initiating Rsync for RockyLinux-9------------------------------
Repo Sync start time for RockyLinux-9: 15/02/2023-03:00:33
Repo Sync stop time RockyLinux-9: 15/02/2023-03:11:53
AppStream/x86_64/os/ BaseOS/x86_64/os/ extras/x86_64/os/
Changing the ownership of the repo
Repo sync completed

-------------------------------------------------------------------------------------------

------------------------------Performing Pre-Checks for EPEL-7------------------------------
Checking sub repo directory exist
Checking Disk space
59	 % is available on source file system
Performing dry run to test the remote url 
Main Url:
rsync://ftp-chi.osuosl.org/fedora-epel/7/x86_64/
Sub repos path:

Dry run start time: 03:12:19
0
Dryrun test performed Succesfully 
Dry run stop time: 03:12:25

Creating lock file
------------------------------Initiating Rsync for EPEL-7------------------------------
Repo Sync start time for EPEL-7: 15/02/2023-03:12:25
Repo Sync stop time EPEL-7: 15/02/2023-03:14:20

Changing the ownership of the repo
Repo sync completed

-------------------------------------------------------------------------------------------

------------------------------Performing Pre-Checks for EPEL-8------------------------------
Checking sub repo directory exist
Checking Disk space
59	 % is available on source file system
Performing dry run to test the remote url 
Main Url:
rsync://ftp-chi.osuosl.org/fedora-epel/8/Everything/x86_64/
Sub repos path:

Dry run start time: 03:14:55
0
Dryrun test performed Succesfully 
Dry run stop time: 03:15:00

Creating lock file
------------------------------Initiating Rsync for EPEL-8------------------------------
Repo Sync start time for EPEL-8: 15/02/2023-03:15:00
Repo Sync stop time EPEL-8: 15/02/2023-03:15:54

Changing the ownership of the repo
Repo sync completed

-------------------------------------------------------------------------------------------

------------------------------Performing Pre-Checks for EPEL-9------------------------------
Checking sub repo directory exist
Checking Disk space
59	 % is available on source file system
Performing dry run to test the remote url 
Main Url:
rsync://epel.mirror.shastacoe.net/epel/9/Everything/x86_64/
Sub repos path:

Dry run start time: 03:16:16
0
Dryrun test performed Succesfully 
Dry run stop time: 03:16:21

Creating lock file
------------------------------Initiating Rsync for EPEL-9------------------------------
Repo Sync start time for EPEL-9: 15/02/2023-03:16:21
Repo Sync stop time EPEL-9: 15/02/2023-03:18:06

Changing the ownership of the repo
Repo sync completed

-------------------------------------------------------------------------------------------

------------------------------Performing Pre-Checks for Centos-8------------------------------
Checking sub repo directory exist
Checking Disk space
59	 % is available on source file system
Performing dry run to test the remote url 
Main Url:
rsync://mirrors.upr.edu/centos/8/
Sub repos path:
extras/x86_64/os/
Dry run start time: 03:18:44
0
Dryrun test performed Succesfully 
Dry run stop time: 03:18:46

Creating lock file
------------------------------Initiating Rsync for Centos-8------------------------------
Repo Sync start time for Centos-8: 15/02/2023-03:18:46
Repo Sync stop time Centos-8: 15/02/2023-03:18:49
We are no more supporting AppStream and BaseOS, only extras will be synced
Changing the ownership of the repo
No change is performed

-------------------------------------------------------------------------------------------

------------------------------Performing Pre-Checks for Centos-7------------------------------
Checking sub repo directory exist
Checking Disk space
59	 % is available on source file system
Performing dry run to test the remote url 
Main Url:
rsync://mirrors.upr.edu/centos/7/
Sub repos path:
os/x86_64/ extras/x86_64/ updates/x86_64/
Dry run start time: 03:19:52
0
Dryrun test performed Succesfully 
Dry run stop time: 03:19:59

Creating lock file
------------------------------Initiating Rsync for Centos-7------------------------------
Repo Sync start time for Centos-7: 15/02/2023-03:19:59
Repo Sync stop time Centos-7: 15/02/2023-03:21:12
os/x86_64/ extras/x86_64/ updates/x86_64/
Changing the ownership of the repo
No change is performed

-------------------------------------------------------------------------------------------

------------------------------Performing Pre-Checks for Alma-8-Debug------------------------------
Checking sub repo directory exist
Checking Disk space
59	 % is available on source file system
Performing dry run to test the remote url 
Main Url:
rsync://rsync.repo.almalinux.org/almalinux-vault/8/
Sub repos path:
AppStream/debug/x86_64/ BaseOS/debug/x86_64/
Dry run start time: 03:21:39
0
Dryrun test performed Succesfully 
Dry run stop time: 03:21:44

Creating lock file
------------------------------Initiating Rsync for Alma-8-Debug------------------------------
Repo Sync start time for Alma-8-Debug: 15/02/2023-03:21:44
Repo Sync stop time Alma-8-Debug: 15/02/2023-03:22:16
AppStream/debug/x86_64/ BaseOS/debug/x86_64/
Changing the ownership of the repo
No change is performed

-------------------------------------------------------------------------------------------

------------------------------Performing Pre-Checks for Alma-9-CRB------------------------------
Checking sub repo directory exist
Checking Disk space
59	 % is available on source file system
Performing dry run to test the remote url 
Main Url:
rsync://repo.almalinux.org/almalinux-vault/9/CRB/debug/x86_64/
Sub repos path:

Dry run start time: 03:22:44
0
Dryrun test performed Succesfully 
Dry run stop time: 03:22:46

Creating lock file
------------------------------Initiating Rsync for Alma-9-CRB------------------------------
Repo Sync start time for Alma-9-CRB: 15/02/2023-03:22:46
Repo Sync stop time Alma-9-CRB: 15/02/2023-03:22:50
/REPOS/dailysync/AlmaLinux/9/CRB/debug/x86_64/
Changing the ownership of the repo
Repo sync completed

-------------------------------------------------------------------------------------------

------------------------------Fetching Ubuntu Status------------------------------
Ubuntu Status Fetched Successfully
-------------------------------------------------------------------------------------------
------------------------------Initiating Local Rsync for Mar------------------------------
rsync -avhiSH --delay-updates --delete-delay --exclude-from='/opt/repo-sync/script/repo-sync/monthly_exclude' --log-format="rsync-stat: %t %i %f" /REPOS/dailysync/ /REPOS/monthly/Mar/ >> /var/log/repo-sync-logs/dailysync/repo_sync_2023-02-15/ls_Mar_log.txt 2>&1
Local rsync from /REPOS/dailysync to /REPOS/monthly/Mar/ is performed successfully
Scanning and deleting the readme.txt files
readme files are deleted succesfully
