
Initiating Rsync for AlmaLinux-8

Repo Sync start time for AlmaLinux-8: 21/12/2021-13:01:51
Repo Sync stop time AlmaLinux-8: 21/12/2021-13:36:50
Repo sync completed


Initiating Rsync for EPEL-7

Repo Sync start time for EPEL-7: 21/12/2021-14:34:03
Repo Sync stop time EPEL-7: 21/12/2021-14:55:28
Repo sync completed


Initiating Rsync for EPEL-8

Repo Sync start time for EPEL-8: 21/12/2021-15:37:02
Repo Sync stop time EPEL-8: 21/12/2021-15:57:36
Repo sync completed


Initiating Rsync for Centos-8

Repo Sync start time for Centos-8: 21/12/2021-16:28:56
Repo Sync stop time Centos-8: 21/12/2021-16:41:04
Repo sync completed


Initiating Rsync for Centos-7

Repo Sync start time for Centos-7: 21/12/2021-16:51:51
Repo Sync stop time Centos-7: 21/12/2021-17:18:44
Repo sync completed


Initiating Rsync for Ubuntu-20

Repo Sync start time for Ubuntu-20: 21/12/2021-17:51:13
Repo Sync stop time Ubuntu-20: 21/12/2021-18:02:16
Repo sync completed

